Aug-21 15:33:33.444 [main] INFO  com.askimed.nf.test.App - nf-test 0.9.2
Aug-21 15:33:33.460 [main] INFO  com.askimed.nf.test.App - Arguments: [test, tests/modules/quantify.nf.test]
Aug-21 15:33:34.398 [main] INFO  com.askimed.nf.test.App - Nextflow Version: 25.04.6
Aug-21 15:33:34.400 [main] INFO  com.askimed.nf.test.commands.RunTestsCommand - Load config from file /home/guyoldrieve/git/vsgseq2/nf-test.config...
Aug-21 15:33:34.886 [main] INFO  com.askimed.nf.test.lang.dependencies.DependencyResolver - Loaded 28 files from directory /home/guyoldrieve/git/vsgseq2 in 0.063 sec
Aug-21 15:33:34.887 [main] INFO  com.askimed.nf.test.lang.dependencies.DependencyResolver - Found 1 files containing tests.
Aug-21 15:33:34.888 [main] DEBUG com.askimed.nf.test.lang.dependencies.DependencyResolver - Found files: [/home/guyoldrieve/git/vsgseq2/tests/modules/quantify.nf.test]
Aug-21 15:33:35.082 [main] INFO  com.askimed.nf.test.commands.RunTestsCommand - Found 1 tests to execute.
Aug-21 15:33:35.083 [main] INFO  com.askimed.nf.test.core.TestExecutionEngine - Started test plan
Aug-21 15:33:35.083 [main] INFO  com.askimed.nf.test.core.TestExecutionEngine - Running testsuite 'Test Process QUANTIFY' from file '/home/guyoldrieve/git/vsgseq2/tests/modules/quantify.nf.test'.
Aug-21 15:33:35.083 [main] INFO  com.askimed.nf.test.core.TestExecutionEngine - Run test '4cc433e0: Should run salmon quantification'. type: com.askimed.nf.test.lang.process.ProcessTest
Aug-21 15:33:39.250 [main] INFO  com.askimed.nf.test.core.TestExecutionEngine - Test '4cc433e0: Should run salmon quantification' finished. status: FAILED
org.codehaus.groovy.runtime.powerassert.PowerAssertionError: assert process.success
       |       |
       |       false
       QUANTIFY
	at org.codehaus.groovy.runtime.InvokerHelper.assertFailed(InvokerHelper.java:432)
	at org.codehaus.groovy.runtime.ScriptBytecodeAdapter.assertFailed(ScriptBytecodeAdapter.java:670)
	at quantify_nf$_run_closure1$_closure2$_closure4.doCall(quantify.nf.test:24)
	at quantify_nf$_run_closure1$_closure2$_closure4.doCall(quantify.nf.test)
	at java.base/jdk.internal.reflect.NativeMethodAccessorImpl.invoke0(Native Method)
	at java.base/jdk.internal.reflect.NativeMethodAccessorImpl.invoke(NativeMethodAccessorImpl.java:77)
	at java.base/jdk.internal.reflect.DelegatingMethodAccessorImpl.invoke(DelegatingMethodAccessorImpl.java:43)
	at java.base/java.lang.reflect.Method.invoke(Method.java:569)
	at org.codehaus.groovy.reflection.CachedMethod.invoke(CachedMethod.java:107)
	at groovy.lang.MetaMethod.doMethodInvoke(MetaMethod.java:323)
	at org.codehaus.groovy.runtime.metaclass.ClosureMetaClass.invokeMethod(ClosureMetaClass.java:274)
	at groovy.lang.MetaClassImpl.invokeMethod(MetaClassImpl.java:1030)
	at groovy.lang.Closure.call(Closure.java:427)
	at groovy.lang.Closure.call(Closure.java:406)
	at com.askimed.nf.test.lang.TestCode.execute(TestCode.java:16)
	at com.askimed.nf.test.lang.process.ProcessTest.execute(ProcessTest.java:171)
	at com.askimed.nf.test.core.TestExecutionEngine.execute(TestExecutionEngine.java:165)
	at com.askimed.nf.test.commands.RunTestsCommand.execute(RunTestsCommand.java:298)
	at com.askimed.nf.test.commands.AbstractCommand.call(AbstractCommand.java:43)
	at com.askimed.nf.test.commands.AbstractCommand.call(AbstractCommand.java:18)
	at picocli.CommandLine.executeUserObject(CommandLine.java:1953)
	at picocli.CommandLine.access$1300(CommandLine.java:145)
	at picocli.CommandLine$RunLast.executeUserObjectOfLastSubcommandWithSameParent(CommandLine.java:2352)
	at picocli.CommandLine$RunLast.handle(CommandLine.java:2346)
	at picocli.CommandLine$RunLast.handle(CommandLine.java:2311)
	at picocli.CommandLine$AbstractParseResultHandler.execute(CommandLine.java:2179)
	at picocli.CommandLine.execute(CommandLine.java:2078)
	at com.askimed.nf.test.App.run(App.java:39)
	at com.askimed.nf.test.App.main(App.java:46)
Aug-21 15:33:39.255 [main] INFO  com.askimed.nf.test.core.TestExecutionEngine - Testsuite 'Test Process QUANTIFY' finished. snapshot file: false, skipped tests: false, failed tests: true
Aug-21 15:33:39.255 [main] INFO  com.askimed.nf.test.core.TestExecutionEngine - Executed 1 tests. 1 tests failed. Done!
